DEPRECATION WARNING: Using `bin/rake routes` is deprecated and will be removed in Rails 6.1. Use `bin/rails routes` instead.
 (called from block in execute at /home/thai.quoc.vuong/.rvm/rubies/ruby-2.7.1/lib/ruby/gems/2.7.0/gems/rake-13.0.1/lib/rake/task.rb:281)
Started GET "/" for ::1 at 2020-05-18 09:12:26 +0700
  
ActiveRecord::NoDatabaseError (FATAL:  database "imusic_development" does not exist
):
  
activerecord (6.0.3) lib/active_record/connection_adapters/postgresql_adapter.rb:50:in `rescue in postgresql_connection'
activerecord (6.0.3) lib/active_record/connection_adapters/postgresql_adapter.rb:33:in `postgresql_connection'
activerecord (6.0.3) lib/active_record/connection_adapters/abstract/connection_pool.rb:887:in `new_connection'
activerecord (6.0.3) lib/active_record/connection_adapters/abstract/connection_pool.rb:931:in `checkout_new_connection'
activerecord (6.0.3) lib/active_record/connection_adapters/abstract/connection_pool.rb:910:in `try_to_checkout_new_connection'
activerecord (6.0.3) lib/active_record/connection_adapters/abstract/connection_pool.rb:871:in `acquire_connection'
activerecord (6.0.3) lib/active_record/connection_adapters/abstract/connection_pool.rb:593:in `checkout'
activerecord (6.0.3) lib/active_record/connection_adapters/abstract/connection_pool.rb:437:in `connection'
activerecord (6.0.3) lib/active_record/connection_adapters/abstract/connection_pool.rb:1119:in `retrieve_connection'
activerecord (6.0.3) lib/active_record/connection_handling.rb:221:in `retrieve_connection'
activerecord (6.0.3) lib/active_record/connection_handling.rb:189:in `connection'
activerecord (6.0.3) lib/active_record/migration.rb:562:in `call'
actionpack (6.0.3) lib/action_dispatch/middleware/callbacks.rb:27:in `block in call'
activesupport (6.0.3) lib/active_support/callbacks.rb:101:in `run_callbacks'
actionpack (6.0.3) lib/action_dispatch/middleware/callbacks.rb:26:in `call'
actionpack (6.0.3) lib/action_dispatch/middleware/executor.rb:14:in `call'
actionpack (6.0.3) lib/action_dispatch/middleware/actionable_exceptions.rb:17:in `call'
actionpack (6.0.3) lib/action_dispatch/middleware/debug_exceptions.rb:32:in `call'
web-console (4.0.2) lib/web_console/middleware.rb:132:in `call_app'
web-console (4.0.2) lib/web_console/middleware.rb:28:in `block in call'
web-console (4.0.2) lib/web_console/middleware.rb:17:in `catch'
web-console (4.0.2) lib/web_console/middleware.rb:17:in `call'
actionpack (6.0.3) lib/action_dispatch/middleware/show_exceptions.rb:33:in `call'
railties (6.0.3) lib/rails/rack/logger.rb:37:in `call_app'
railties (6.0.3) lib/rails/rack/logger.rb:26:in `block in call'
activesupport (6.0.3) lib/active_support/tagged_logging.rb:80:in `block in tagged'
activesupport (6.0.3) lib/active_support/tagged_logging.rb:28:in `tagged'
activesupport (6.0.3) lib/active_support/tagged_logging.rb:80:in `tagged'
railties (6.0.3) lib/rails/rack/logger.rb:26:in `call'
sprockets-rails (3.2.1) lib/sprockets/rails/quiet_assets.rb:13:in `call'
actionpack (6.0.3) lib/action_dispatch/middleware/remote_ip.rb:81:in `call'
actionpack (6.0.3) lib/action_dispatch/middleware/request_id.rb:27:in `call'
rack (2.2.2) lib/rack/method_override.rb:24:in `call'
rack (2.2.2) lib/rack/runtime.rb:22:in `call'
activesupport (6.0.3) lib/active_support/cache/strategy/local_cache_middleware.rb:29:in `call'
actionpack (6.0.3) lib/action_dispatch/middleware/executor.rb:14:in `call'
actionpack (6.0.3) lib/action_dispatch/middleware/static.rb:126:in `call'
rack (2.2.2) lib/rack/sendfile.rb:110:in `call'
actionpack (6.0.3) lib/action_dispatch/middleware/host_authorization.rb:82:in `call'
webpacker (4.2.2) lib/webpacker/dev_server_proxy.rb:23:in `perform_request'
rack-proxy (0.6.5) lib/rack/proxy.rb:57:in `call'
railties (6.0.3) lib/rails/engine.rb:527:in `call'
puma (4.3.3) lib/puma/configuration.rb:228:in `call'
puma (4.3.3) lib/puma/server.rb:682:in `handle_request'
puma (4.3.3) lib/puma/server.rb:472:in `process_client'
puma (4.3.3) lib/puma/server.rb:328:in `block in run'
puma (4.3.3) lib/puma/thread_pool.rb:134:in `block in spawn_thread'
  [1m[35m (184.7ms)[0m  [1m[35mCREATE DATABASE "imusic_development" ENCODING = 'unicode'[0m
  [1m[35m (72.0ms)[0m  [1m[35mCREATE DATABASE "imusic_test" ENCODING = 'unicode'[0m
Started GET "/" for ::1 at 2020-05-18 09:13:15 +0700
Processing by Rails::WelcomeController#index as HTML
  Rendering /home/thai.quoc.vuong/.rvm/gems/ruby-2.7.1/gems/railties-6.0.3/lib/rails/templates/rails/welcome/index.html.erb
  Rendered /home/thai.quoc.vuong/.rvm/gems/ruby-2.7.1/gems/railties-6.0.3/lib/rails/templates/rails/welcome/index.html.erb (Duration: 4.1ms | Allocations: 294)
Completed 200 OK in 10ms (Views: 5.3ms | ActiveRecord: 0.0ms | Allocations: 1634)


DEPRECATION WARNING: Using `bin/rake routes` is deprecated and will be removed in Rails 6.1. Use `bin/rails routes` instead.
 (called from block in execute at /home/thai.quoc.vuong/.rvm/rubies/ruby-2.7.1/lib/ruby/gems/2.7.0/gems/rake-13.0.1/lib/rake/task.rb:281)
Started GET "/" for ::1 at 2020-05-18 09:48:09 +0700
Processing by Rails::WelcomeController#index as HTML
  Rendering /home/thai.quoc.vuong/.rvm/gems/ruby-2.7.1/gems/railties-6.0.3/lib/rails/templates/rails/welcome/index.html.erb
  Rendered /home/thai.quoc.vuong/.rvm/gems/ruby-2.7.1/gems/railties-6.0.3/lib/rails/templates/rails/welcome/index.html.erb (Duration: 3.9ms | Allocations: 294)
Completed 200 OK in 9ms (Views: 5.1ms | ActiveRecord: 0.0ms | Allocations: 1635)


DEPRECATION WARNING: Using `bin/rake routes` is deprecated and will be removed in Rails 6.1. Use `bin/rails routes` instead.
 (called from block in execute at /home/thai.quoc.vuong/.rvm/rubies/ruby-2.7.1/lib/ruby/gems/2.7.0/gems/rake-13.0.1/lib/rake/task.rb:281)
DEPRECATION WARNING: Using `bin/rake routes` is deprecated and will be removed in Rails 6.1. Use `bin/rails routes` instead.
 (called from block in execute at /home/thai.quoc.vuong/.rvm/rubies/ruby-2.7.1/lib/ruby/gems/2.7.0/gems/rake-13.0.1/lib/rake/task.rb:281)
DEPRECATION WARNING: Using `bin/rake routes` is deprecated and will be removed in Rails 6.1. Use `bin/rails routes` instead.
 (called from block in execute at /home/thai.quoc.vuong/.rvm/rubies/ruby-2.7.1/lib/ruby/gems/2.7.0/gems/rake-13.0.1/lib/rake/task.rb:281)
Started GET "/" for ::1 at 2020-05-18 09:49:49 +0700
Processing by StaticPagesController#home as HTML
  Rendering static_pages/home.html.erb within layouts/application
  Rendered static_pages/home.html.erb within layouts/application (Duration: 0.3ms | Allocations: 77)
[Webpacker] Compiling...
[Webpacker] Compiled all packs in /home/thai.quoc.vuong/imusic/public/packs
[Webpacker] Hash: 15d1bb7b54cf6326b9ba
Version: webpack 4.43.0
Time: 1396ms
Built at: 05/18/2020 9:49:52 AM
                                     Asset       Size       Chunks                         Chunk Names
    js/application-9afcbb5693aa87623e69.js    124 KiB  application  [emitted] [immutable]  application
js/application-9afcbb5693aa87623e69.js.map    139 KiB  application  [emitted] [dev]        application
                             manifest.json  364 bytes               [emitted]              
Entrypoint application = js/application-9afcbb5693aa87623e69.js js/application-9afcbb5693aa87623e69.js.map
[./app/javascript/channels sync recursive _channel\.js$] ./app/javascript/channels sync _channel\.js$ 160 bytes {application} [built]
[./app/javascript/channels/index.js] 211 bytes {application} [built]
[./app/javascript/packs/application.js] 749 bytes {application} [built]
[./node_modules/webpack/buildin/module.js] (webpack)/buildin/module.js 552 bytes {application} [built]
    + 3 hidden modules

Completed 200 OK in 2449ms (Views: 2448.0ms | ActiveRecord: 0.0ms | Allocations: 25714)


Started GET "/vi" for ::1 at 2020-05-18 09:49:54 +0700
Processing by StaticPagesController#home as HTML
  Parameters: {"locale"=>"vi"}
  Rendering static_pages/home.html.erb within layouts/application
  Rendered static_pages/home.html.erb within layouts/application (Duration: 0.0ms | Allocations: 4)
[Webpacker] Everything's up-to-date. Nothing to do
Completed 200 OK in 6ms (Views: 4.8ms | ActiveRecord: 0.0ms | Allocations: 4727)


Started GET "/en" for ::1 at 2020-05-18 09:49:55 +0700
Processing by StaticPagesController#home as HTML
  Parameters: {"locale"=>"en"}
  Rendering static_pages/home.html.erb within layouts/application
  Rendered static_pages/home.html.erb within layouts/application (Duration: 0.0ms | Allocations: 5)
[Webpacker] Everything's up-to-date. Nothing to do
Completed 200 OK in 5ms (Views: 4.2ms | ActiveRecord: 0.0ms | Allocations: 4202)


Started GET "/en" for ::1 at 2020-05-18 09:54:29 +0700
Processing by StaticPagesController#home as HTML
  Parameters: {"locale"=>"en"}
  Rendering static_pages/home.html.erb within layouts/application
  Rendered static_pages/home.html.erb within layouts/application (Duration: 0.3ms | Allocations: 74)
[Webpacker] Everything's up-to-date. Nothing to do
  Rendered layouts/_header.html.erb (Duration: 0.3ms | Allocations: 102)
Completed 200 OK in 13ms (Views: 12.0ms | ActiveRecord: 0.0ms | Allocations: 10972)


Started GET "/en" for ::1 at 2020-05-18 09:57:28 +0700
Processing by StaticPagesController#home as HTML
  Parameters: {"locale"=>"en"}
  Rendering static_pages/home.html.erb within layouts/application
  Rendered static_pages/home.html.erb within layouts/application (Duration: 0.4ms | Allocations: 187)
[Webpacker] Everything's up-to-date. Nothing to do
  Rendered layouts/_header.html.erb (Duration: 0.3ms | Allocations: 105)
Completed 200 OK in 237ms (Views: 232.7ms | ActiveRecord: 0.0ms | Allocations: 74141)


Started GET "/en" for ::1 at 2020-05-18 09:57:31 +0700
Processing by StaticPagesController#home as HTML
  Parameters: {"locale"=>"en"}
  Rendering static_pages/home.html.erb within layouts/application
  Rendered static_pages/home.html.erb within layouts/application (Duration: 0.0ms | Allocations: 5)
[Webpacker] Everything's up-to-date. Nothing to do
  Rendered layouts/_header.html.erb (Duration: 0.0ms | Allocations: 6)
Completed 200 OK in 8ms (Views: 7.3ms | ActiveRecord: 0.0ms | Allocations: 7913)


Started GET "/en" for ::1 at 2020-05-18 09:57:32 +0700
Processing by StaticPagesController#home as HTML
  Parameters: {"locale"=>"en"}
  Rendering static_pages/home.html.erb within layouts/application
  Rendered static_pages/home.html.erb within layouts/application (Duration: 0.0ms | Allocations: 5)
[Webpacker] Everything's up-to-date. Nothing to do
  Rendered layouts/_header.html.erb (Duration: 0.0ms | Allocations: 6)
Completed 200 OK in 9ms (Views: 8.0ms | ActiveRecord: 0.0ms | Allocations: 7889)


Started GET "/" for ::1 at 2020-05-18 12:35:40 +0700
Processing by StaticPagesController#home as HTML
  Rendering static_pages/home.html.erb within layouts/application
  Rendered static_pages/home.html.erb within layouts/application (Duration: 0.4ms | Allocations: 187)
[Webpacker] Everything's up-to-date. Nothing to do
  Rendered layouts/_header.html.erb (Duration: 0.2ms | Allocations: 102)
Completed 200 OK in 30ms (Views: 25.3ms | ActiveRecord: 0.0ms | Allocations: 22685)


DEPRECATION WARNING: Using `bin/rake routes` is deprecated and will be removed in Rails 6.1. Use `bin/rails routes` instead.
 (called from block in execute at /home/thai.quoc.vuong/.rvm/rubies/ruby-2.7.1/lib/ruby/gems/2.7.0/gems/rake-13.0.1/lib/rake/task.rb:281)
